[2026-05-12 08:00] Tommy | Objection handling cheat sheet — 5 objections with full responses | objection_cheatsheet_2026-05-12.md | Done
[2026-05-12 08:15] Tommy | Package descriptions — all 4 packages with short + long versions, Pain→Outcome→Proof→CTA framework | package_descriptions_2026-05-12.md | Done
[2026-05-12 08:30] Tommy | Estimate follow-up email templates — 5 templates: same-day, 2-day, 5-day, text, post-job review request | estimate_followup_email_2026-05-12.md | Done
[2026-05-12 09:00] Jasmine | 5 Facebook posts — spring pre-season batch (before/after, educational, social proof, local/seasonal, personality) | facebook_posts_week_2026-05-12.md | Done
[2026-05-12 09:20] Jasmine | Content calendar May 2026 — 3 full weeks planned, content rotation, hashtag library, best posting times | content_calendar_may_2026-05-12.md | Done
[2026-05-12 09:45] Rick | Facebook ads spring 2026 — 10 ad variations across 3 campaigns (awareness, lead gen, retargeting) | facebook_ads_spring_campaign_2026-05-12.md | Done
[2026-05-12 10:00] Rick | Google ads full asset set — RSA headlines/descriptions, sitelinks, callouts, negative keywords, bidding guide | google_ads_2026-05-12.md | Done
[2026-05-12 10:30] Donna | NE Ohio Home Maintenance Checklist lead magnet — full content, seasonal by month, delivery setup notes for Kit.com | lead_magnet_home_maintenance_checklist_2026-05-12.md | Done
[2026-05-12 10:45] Donna | Nurture sequence — 3-email series for checklist subscribers, 7-day cadence, segmentation notes | nurture_sequence_home_maintenance_checklist_2026-05-12.md | Done
[2026-05-12 11:00] Nina | HubSpot pipeline setup guide — 7 stages, custom contact+deal properties, 5 saved views, weekly reporting rhythm | pipeline_setup_guide_2026-05-12.md | Done
[2026-05-12 11:15] Nina | Zapier automation recipes — 7 workflows: FB leads→HubSpot, Kit.com→HubSpot, review requests, Closed Won logging, stale lead alerts | zapier_recipes_2026-05-12.md | Done
[2026-05-12 11:30] Marcus | Competitor analysis — 5 companies profiled (All-Star, Clearview, Pristine Clean, Brothers, Devins) with pricing, reviews, positioning gaps | competitor_report_cleveland_2026-05-12.md | Done
[2026-05-12 11:45] Marcus | VOC library — 25+ customer phrases with themes (transformation, reliability, fear of damage, price, trigger events, education gap) | voc_library_2026-05-12.md | Done
[2026-05-12 12:00] Danny | Property manager cold email sequence — 3-touch 10-day cadence, Apollo pull parameters documented | sequence_property_managers_2026-05-12.md | Done
[2026-05-12 12:15] Danny | Apollo.io API test — endpoint returned error; API key needs plan verification at app.apollo.io; manual pull parameters saved | leads_cuyahoga_PENDING.md | Blocked
[2026-05-12 12:30] Carla | Referral partner outreach — 5 email templates (siding, painters, realtors, roofers, follow-up) + one-pager leave-behind content; Apollo parameters saved | outreach_contractors_2026-05-12.md | Done
[2026-05-12 13:00] Danny | Apollo.io API fixed (deprecated endpoint updated to /mixed_people/api_search) — pulled 25 property managers in Cuyahoga County, 24/25 emails revealed | leads_cuyahoga_property_managers_2026-05-12.md | Done
[2026-05-12 13:15] Carla | Apollo.io pull — 20 contractor referral partners (roofers, painters, exterior) across Cuyahoga/Lake/Lorain, 11/20 emails revealed | partners_contractors_cuyahoga_2026-05-12.md | Done
[2026-05-12 16:34] Nina | Daily hot leads report — 0 replied, 0 hot | hot_leads_2026-05-12.md | Done
[2026-05-12 16:34] Nina | Weekly pipeline report — 54 enrolled, 0 replied, 0 hot leads | weekly_report_2026-05-12.md | Done
[2026-05-13 09:37] Office | Slack photo watcher | 2 photos saved to assets/photos/ | Done
[2026-05-13 10:44] Danny | Apollo pull — 17 new property managers in Lorain, 17 enrolled in Mixmax | leads_lorain_property_managers_2026-05-13.md | Done
[2026-05-13 10:45] Carla | Apollo pull — 20 new referral partners, 20 enrolled in Mixmax | leads_referral_partners_2026-05-13.md | Done
[2026-05-13 15:55] Jasmine | Before/after photos post FAILED — Slack rejected uploads (Host not in allowlist) and webhook (403 Forbidden) | pair_20260513_000000 | Blocked
[2026-05-13 16:05] Jasmine | Before/after Canva flyer created (design DAHJkECcks8) — Slack upload blocked (host_not_allowed); flyer ready in Canva | pair_20260513_000000 | Done
[2026-05-13 18:12] Jasmine | Before/after Canva flyer created and posted to Slack | pair_20260513_134457 | Done
[2026-05-13 22:45] Office | Slack photo watcher | 2 photo(s) saved — 1 pair(s) ready for Jasmine | Done
